11:19:56: Creating resource group General
11:19:56: Creating resource group Internal
11:19:56: Creating resource group Autodetect
11:19:56: Registering ResourceManager for type Material
11:19:56: Registering ResourceManager for type Skeleton
11:19:56: Registering ResourceManager for type Mesh
11:19:56: MeshSerializer writing mesh data to Star.mesh...
11:19:56: File header written.
11:19:56: Writing mesh data...
11:19:56: Writing submesh...
11:19:56: Exporting submesh texture aliases...
11:19:56: Submesh texture aliases exported.
11:19:56: Submesh exported.
11:19:56: Exporting bounds information....
11:19:56: Bounds information exported.
11:19:56: Exporting submesh name table...
11:19:56: Submesh name table exported.
11:19:56: Exporting edge lists...
11:19:56: Edge lists exported
11:19:56: Mesh data exported.
11:19:56: MeshSerializer export successful.
11:19:56: Unregistering ResourceManager for type Mesh
11:19:56: Unregistering ResourceManager for type Skeleton
11:19:56: Unregistering ResourceManager for type Material
